Arguments: 
  /usr/local/bin/node /Users/user/.npm-global/bin/yarn init

PATH: 
  /Users/user/.npm-global/bin:/usr/local/bin:/usr/bin:/bin:/usr/sbin:/sbin:/Users/user/.npm-global/bin

Yarn version: 
  1.22.17

Node version: 
  16.14.0

Platform: 
  darwin x64

Trace: 
  Error: canceled
      at Interface.<anonymous> (/Users/user/.npm-global/lib/node_modules/yarn/lib/cli.js:137143:13)
      at Interface.emit (node:events:520:28)
      at Interface._ttyWrite (node:readline:1081:16)
      at ReadStream.onkeypress (node:readline:288:10)
      at ReadStream.emit (node:events:520:28)
      at emitKeys (node:internal/readline/utils:358:14)
      at emitKeys.next (<anonymous>)
      at ReadStream.onData (node:internal/readline/emitKeypressEvents:61:36)
      at ReadStream.emit (node:events:520:28)
      at addChunk (node:internal/streams/readable:315:12)

npm manifest: 
  {
    "name": "mern-project",
    "version": "1.0.0",
    "description": "skincare builder app",
    "main": "server.js",
    "author": "Sakura Nishiya",
    "license": "MIT",
    "engines": {
      "node": "16.14.0"
    },
    "scripts": {
      "start": "node backend/server.js",
      "build": "cd frontend && yarn build",
      "server": "nodemon backend/server.js",
      "client": "yarn --cwd frontend start",
      "dev": "concurrently \"yarn run server\" \"yarn run client \"",
      "heroku-postbuild": "cd frontend && yarn install && yarn build"
    },
    "dependencies": {
      "axios": "^0.26.0",
      "bcryptjs": "^2.4.3",
      "colors": "^1.4.0",
      "cors": "^2.8.5",
      "create-react-app": "^5.0.0",
      "dotenv": "^16.0.0",
      "express": "^4.17.2",
      "express-async-handler": "^1.2.0",
      "frontend": "^2.0.0-alpha.4",
      "jsonwebtoken": "^8.5.1",
      "mongoose": "^6.2.1"
    },
    "devDependencies": {
      "concurrently": "^7.0.0",
      "nodemon": "^2.0.15"
    }
  }

yarn manifest: 
  No manifest

Lockfile: 
  No lockfile
